#
# A fatal error has been detected by the Java Runtime Environment:
#
#  EXCEPTION_ACCESS_VIOLATION (0xc0000005) at pc=0x000000006f9f1bde, pid=6028, tid=0x0000000000001594
#
# JRE version: Java(TM) SE Runtime Environment (8.0_102-b14) (build 1.8.0_102-b14)
# Java VM: Java HotSpot(TM) 64-Bit Server VM (25.102-b14 mixed mode windows-amd64 compressed oops)
# Problematic frame:
# V  [jvm.dll+0x4c1bde]
#
# Failed to write core dump. Minidumps are not enabled by default on client versions of Windows
#
# If you would like to submit a bug report, please visit:
#   http://bugreport.java.com/bugreport/crash.jsp
#

---------------  T H R E A D  ---------------

Current thread (0x0000000055308000):  JavaThread "C2 CompilerThread0" daemon [_thread_in_native, id=5524, stack(0x00000000569b0000,0x0000000056ab0000)]

siginfo: ExceptionCode=0xc0000005, reading address 0x0000000000000028

Registers:
RAX=0x00000000592b71f0, RBX=0x0000000000000000, RCX=0x0000000000000002, RDX=0x0000000004000000
RSP=0x0000000056aab680, RBP=0x000000000000000b, RSI=0x0000000000000a06, RDI=0x0000000056aab798
R8 =0x0000000000000010, R9 =0x0000000000040000, R10=0x0000000056aabb80, R11=0x000000005a5eb400
R12=0x0000000000000003, R13=0x00000000592b6d78, R14=0x0000000056aab728, R15=0x0000000056aab748
RIP=0x000000006f9f1bde, EFLAGS=0x0000000000010207

Top of Stack: (sp=0x0000000056aab680)
0x0000000056aab680:   00000000592b6e38 0000000000000a06
0x0000000056aab690:   0000000000000001 000000005a7a5150
0x0000000056aab6a0:   0000000056aac558 000000006fa3b990
0x0000000056aab6b0:   000000005921ddc0 0000000055302ad0
0x0000000056aab6c0:   0000000056da94b0 0000000056aab7f0
0x0000000056aab6d0:   0000000055302ad0 0000000000000001
0x0000000056aab6e0:   0000000056aabb80 000000006f9f3ad3
0x0000000056aab6f0:   0000000056aabb80 0000000000000001
0x0000000056aab700:   0000000020000001 0000000056aab798
0x0000000056aab710:   000000005921de10 0000000059225da8
0x0000000056aab720:   00000000000981f8 0000000055302ad0
0x0000000056aab730:   0000000000001000 00000000596db2d0
0x0000000056aab740:   0000000000000a05 000000006fba5cf8
0x0000000056aab750:   0000000055302ad0 0000000000000100
0x0000000056aab760:   000000005966bdf0 0000000000000001
0x0000000056aab770:   000000005921ddc0 0000000055302ad0 

Instructions: (pc=0x000000006f9f1bde)
0x000000006f9f1bbe:   33 e4 89 8c 24 80 00 00 00 44 3b e1 0f 83 6e 01
0x000000006f9f1bce:   00 00 49 8b 45 10 41 8b cc 41 ff c4 48 8b 1c c8
0x000000006f9f1bde:   8b 43 28 41 3b 42 28 73 0d 8b c8 49 8b 42 30 48
0x000000006f9f1bee:   83 3c c8 00 75 3c 48 83 7b 10 00 74 35 49 8d b2 


Register to memory mapping:

RAX=0x00000000592b71f0 is an unknown value
RBX=0x0000000000000000 is an unknown value
RCX=0x0000000000000002 is an unknown value
RDX=0x0000000004000000 is an unknown value
RSP=0x0000000056aab680 is pointing into the stack for thread: 0x0000000055308000
RBP=0x000000000000000b is an unknown value
RSI=0x0000000000000a06 is an unknown value
RDI=0x0000000056aab798 is pointing into the stack for thread: 0x0000000055308000
R8 =0x0000000000000010 is an unknown value
R9 =0x0000000000040000 is an unknown value
R10=0x0000000056aabb80 is pointing into the stack for thread: 0x0000000055308000
R11=0x000000005a5eb400 is an unknown value
R12=0x0000000000000003 is an unknown value
R13=0x00000000592b6d78 is an unknown value
R14=0x0000000056aab728 is pointing into the stack for thread: 0x0000000055308000
R15=0x0000000056aab748 is pointing into the stack for thread: 0x0000000055308000


Stack: [0x00000000569b0000,0x0000000056ab0000],  sp=0x0000000056aab680,  free space=1005k
Native frames: (J=compiled Java code, j=interpreted, Vv=VM code, C=native code)
V  [jvm.dll+0x4c1bde]
V  [jvm.dll+0x4c3ad3]
V  [jvm.dll+0x47443c]
V  [jvm.dll+0x475893]
V  [jvm.dll+0x458372]
V  [jvm.dll+0xa5572]
V  [jvm.dll+0xa5eaf]
V  [jvm.dll+0x2447af]
V  [jvm.dll+0x29c03a]
C  [msvcr100.dll+0x21d7b]
C  [msvcr100.dll+0x21e17]
C  [kernel32.dll+0x1652d]
C  [ntdll.dll+0x2c541]


Current CompileTask:
C2:   6380 1671       4       com.android.dx.ssa.SCCP::simulateBranch (666 bytes)


---------------  P R O C E S S  ---------------

Java Threads: ( => current thread )
  0x000000005707a000 JavaThread "pool-2-thread-4" [_thread_in_Java, id=1292, stack(0x0000000057720000,0x0000000057820000)]
  0x00000000570e2800 JavaThread "pool-2-thread-3" [_thread_blocked, id=4604, stack(0x0000000057850000,0x0000000057950000)]
  0x00000000570e1800 JavaThread "pool-2-thread-2" [_thread_blocked, id=8064, stack(0x00000000575f0000,0x00000000576f0000)]
  0x0000000057095800 JavaThread "pool-3-thread-1" [_thread_blocked, id=8988, stack(0x00000000573c0000,0x00000000574c0000)]
  0x0000000057093800 JavaThread "pool-2-thread-1" [_thread_blocked, id=10112, stack(0x00000000571a0000,0x00000000572a0000)]
  0x0000000056e03800 JavaThread "Service Thread" daemon [_thread_blocked, id=8420, stack(0x0000000056b50000,0x0000000056c50000)]
  0x000000005530c000 JavaThread "C1 CompilerThread2" daemon [_thread_blocked, id=3492, stack(0x0000000056c90000,0x0000000056d90000)]
  0x000000005530a800 JavaThread "C2 CompilerThread1" daemon [_thread_in_native, id=7856, stack(0x0000000056790000,0x0000000056890000)]
=>0x0000000055308000 JavaThread "C2 CompilerThread0" daemon [_thread_in_native, id=5524, stack(0x00000000569b0000,0x0000000056ab0000)]
  0x0000000055302000 JavaThread "Attach Listener" daemon [_thread_blocked, id=2068, stack(0x00000000568a0000,0x00000000569a0000)]
  0x0000000055300800 JavaThread "Signal Dispatcher" daemon [_thread_blocked, id=5488, stack(0x00000000565d0000,0x00000000566d0000)]
  0x00000000552e9000 JavaThread "Finalizer" daemon [_thread_blocked, id=9260, stack(0x0000000056490000,0x0000000056590000)]
  0x00000000552a2000 JavaThread "Reference Handler" daemon [_thread_blocked, id=8100, stack(0x00000000562f0000,0x00000000563f0000)]
  0x0000000001dee000 JavaThread "main" [_thread_blocked, id=9912, stack(0x0000000002410000,0x0000000002510000)]

Other Threads:
  0x000000005529a800 VMThread [stack: 0x00000000561b0000,0x00000000562b0000] [id=9544]
  0x0000000056e0b000 WatcherThread [stack: 0x00000000572b0000,0x00000000573b0000] [id=5272]

VM state:not at safepoint (normal execution)

VM Mutex/Monitor currently owned by a thread: None

Heap:
 PSYoungGen      total 71680K, used 57658K [0x00000000eab00000, 0x00000000ef600000, 0x0000000100000000)
  eden space 66560K, 78% used [0x00000000eab00000,0x00000000ede52cf0,0x00000000eec00000)
  from space 5120K, 99% used [0x00000000ef100000,0x00000000ef5fbce0,0x00000000ef600000)
  to   space 5120K, 0% used [0x00000000eec00000,0x00000000eec00000,0x00000000ef100000)
 ParOldGen       total 87552K, used 5611K [0x00000000c0000000, 0x00000000c5580000, 0x00000000eab00000)
  object space 87552K, 6% used [0x00000000c0000000,0x00000000c057ad30,0x00000000c5580000)
 Metaspace       used 6239K, capacity 7090K, committed 7296K, reserved 1056768K
  class space    used 604K, capacity 618K, committed 640K, reserved 1048576K

Card table byte_map: [0x0000000011ba0000,0x0000000011db0000] byte_map_base: 0x00000000115a0000

Marking Bits: (ParMarkBitMap*) 0x000000006fd4a6c0
 Begin Bits: [0x0000000012710000, 0x0000000013710000)
 End Bits:   [0x0000000013710000, 0x0000000014710000)

Polling page: 0x0000000000140000

CodeCache: size=245760Kb used=6423Kb max_used=6423Kb free=239336Kb
 bounds [0x00000000027e0000, 0x0000000002e30000, 0x00000000117e0000]
 total_blobs=1959 nmethods=1690 adapters=182
 compilation: enabled

Compilation events (10 events):
Event: 6.038 Thread 0x000000005530c000 1713       2       java.util.RegularEnumSet::<init> (12 bytes)
Event: 6.038 Thread 0x000000005530c000 nmethod 1713 0x0000000002e09310 code [0x0000000002e09460, 0x0000000002e095f0]
Event: 6.038 Thread 0x000000005530c000 1714       2       java.util.EnumSet::<init> (15 bytes)
Event: 6.039 Thread 0x000000005530c000 nmethod 1714 0x0000000002e09690 code [0x0000000002e097e0, 0x0000000002e09950]
Event: 6.039 Thread 0x000000005530c000 1715       2       java.util.RegularEnumSet::addAll (23 bytes)
Event: 6.039 Thread 0x000000005530c000 nmethod 1715 0x0000000002e099d0 code [0x0000000002e09b20, 0x0000000002e09c90]
Event: 6.039 Thread 0x000000005530c000 1716       2       com.android.dx.ssa.Optimizer::optimize (67 bytes)
Event: 6.041 Thread 0x000000005530c000 nmethod 1716 0x0000000002e09d50 code [0x0000000002e09f00, 0x0000000002e0a2d8]
Event: 6.045 Thread 0x000000005530a800 nmethod 1686 0x0000000002e0dfd0 code [0x0000000002e0e160, 0x0000000002e0eec8]
Event: 6.045 Thread 0x000000005530a800 1685 %     4       com.android.dx.ssa.SsaMethod::computeReachability @ 95 (131 bytes)

GC Heap History (4 events):
Event: 1.972 GC heap before
{Heap before GC invocations=1 (full 0):
 PSYoungGen      total 38400K, used 33280K [0x00000000eab00000, 0x00000000ed580000, 0x0000000100000000)
  eden space 33280K, 100% used [0x00000000eab00000,0x00000000ecb80000,0x00000000ecb80000)
  from space 5120K, 0% used [0x00000000ed080000,0x00000000ed080000,0x00000000ed580000)
  to   space 5120K, 0% used [0x00000000ecb80000,0x00000000ecb80000,0x00000000ed080000)
 ParOldGen       total 87552K, used 0K [0x00000000c0000000, 0x00000000c5580000, 0x00000000eab00000)
  object space 87552K, 0% used [0x00000000c0000000,0x00000000c0000000,0x00000000c5580000)
 Metaspace       used 5882K, capacity 6834K, committed 7040K, reserved 1056768K
  class space    used 602K, capacity 618K, committed 640K, reserved 1048576K
Event: 2.170 GC heap after
Heap after GC invocations=1 (full 0):
 PSYoungGen      total 38400K, used 5096K [0x00000000eab00000, 0x00000000ef600000, 0x0000000100000000)
  eden space 33280K, 0% used [0x00000000eab00000,0x00000000eab00000,0x00000000ecb80000)
  from space 5120K, 99% used [0x00000000ecb80000,0x00000000ed07a1b8,0x00000000ed080000)
  to   space 5120K, 0% used [0x00000000ef100000,0x00000000ef100000,0x00000000ef600000)
 ParOldGen       total 87552K, used 1420K [0x00000000c0000000, 0x00000000c5580000, 0x00000000eab00000)
  object space 87552K, 1% used [0x00000000c0000000,0x00000000c0163080,0x00000000c5580000)
 Metaspace       used 5882K, capacity 6834K, committed 7040K, reserved 1056768K
  class space    used 602K, capacity 618K, committed 640K, reserved 1048576K
}
Event: 2.924 GC heap before
{Heap before GC invocations=2 (full 0):
 PSYoungGen      total 38400K, used 38376K [0x00000000eab00000, 0x00000000ef600000, 0x0000000100000000)
  eden space 33280K, 100% used [0x00000000eab00000,0x00000000ecb80000,0x00000000ecb80000)
  from space 5120K, 99% used [0x00000000ecb80000,0x00000000ed07a1b8,0x00000000ed080000)
  to   space 5120K, 0% used [0x00000000ef100000,0x00000000ef100000,0x00000000ef600000)
 ParOldGen       total 87552K, used 1420K [0x00000000c0000000, 0x00000000c5580000, 0x00000000eab00000)
  object space 87552K, 1% used [0x00000000c0000000,0x00000000c0163080,0x00000000c5580000)
 Metaspace       used 5994K, capacity 6898K, committed 7040K, reserved 1056768K
  class space    used 604K, capacity 618K, committed 640K, reserved 1048576K
Event: 3.343 GC heap after
Heap after GC invocations=2 (full 0):
 PSYoungGen      total 71680K, used 5103K [0x00000000eab00000, 0x00000000ef600000, 0x0000000100000000)
  eden space 66560K, 0% used [0x00000000eab00000,0x00000000eab00000,0x00000000eec00000)
  from space 5120K, 99% used [0x00000000ef100000,0x00000000ef5fbce0,0x00000000ef600000)
  to   space 5120K, 0% used [0x00000000eec00000,0x00000000eec00000,0x00000000ef100000)
 ParOldGen       total 87552K, used 5611K [0x00000000c0000000, 0x00000000c5580000, 0x00000000eab00000)
  object space 87552K, 6% used [0x00000000c0000000,0x00000000c057ad30,0x00000000c5580000)
 Metaspace       used 5994K, capacity 6898K, committed 7040K, reserved 1056768K
  class space    used 604K, capacity 618K, committed 640K, reserved 1048576K
}

Deoptimization events (10 events):
Event: 3.481 Thread 0x0000000057093800 Uncommon trap: reason=class_check action=maybe_recompile pc=0x0000000002b92200 method=com.android.dx.cf.code.BytecodeArray.parseInstruction(ILcom/android/dx/cf/code/BytecodeArray$Visitor;)I @ 1417
Event: 3.482 Thread 0x0000000057093800 Uncommon trap: reason=class_check action=maybe_recompile pc=0x0000000002b92200 method=com.android.dx.cf.code.BytecodeArray.parseInstruction(ILcom/android/dx/cf/code/BytecodeArray$Visitor;)I @ 1417
Event: 4.139 Thread 0x000000005707a000 Uncommon trap: reason=unstable_if action=reinterpret pc=0x0000000002c95174 method=com.android.dx.ssa.SsaRenamer$BlockRenamer.addMapping(ILcom/android/dx/rop/code/RegisterSpec;)V @ 120
Event: 4.141 Thread 0x000000005707a000 Uncommon trap: reason=unstable_if action=reinterpret pc=0x0000000002c75400 method=com.android.dx.ssa.SsaRenamer$BlockRenamer.addMapping(ILcom/android/dx/rop/code/RegisterSpec;)V @ 120
Event: 4.206 Thread 0x000000005707a000 Uncommon trap: reason=bimorphic action=maybe_recompile pc=0x0000000002c7c378 method=com.android.dx.cf.code.BytecodeArray.parseInstruction(ILcom/android/dx/cf/code/BytecodeArray$Visitor;)I @ 955
Event: 4.206 Thread 0x000000005707a000 Uncommon trap: reason=bimorphic action=maybe_recompile pc=0x0000000002c7c378 method=com.android.dx.cf.code.BytecodeArray.parseInstruction(ILcom/android/dx/cf/code/BytecodeArray$Visitor;)I @ 955
Event: 4.206 Thread 0x000000005707a000 Uncommon trap: reason=unstable_if action=reinterpret pc=0x0000000002ca6954 method=com.android.dx.ssa.SsaRenamer$BlockRenamer.addMapping(ILcom/android/dx/rop/code/RegisterSpec;)V @ 120
Event: 4.469 Thread 0x00000000570e1800 Uncommon trap: reason=bimorphic action=maybe_recompile pc=0x0000000002c7b968 method=com.android.dx.cf.code.BytecodeArray.parseInstruction(ILcom/android/dx/cf/code/BytecodeArray$Visitor;)I @ 1549
Event: 4.470 Thread 0x00000000570e1800 Uncommon trap: reason=bimorphic action=maybe_recompile pc=0x0000000002c7b968 method=com.android.dx.cf.code.BytecodeArray.parseInstruction(ILcom/android/dx/cf/code/BytecodeArray$Visitor;)I @ 1549
Event: 4.707 Thread 0x00000000570e2800 Uncommon trap: reason=unstable_if action=reinterpret pc=0x0000000002c8da48 method=com.android.dx.ssa.SCCP.simulateStmt(Lcom/android/dx/ssa/SsaInsn;)V @ 59

Internal exceptions (4 events):
Event: 0.038 Thread 0x0000000001dee000 Exception <a 'java/lang/NoSuchMethodError': Method sun.misc.Unsafe.defineClass(Ljava/lang/String;[BII)Ljava/lang/Class; name or signature does not match> (0x00000000eab07c78) thrown at [C:\re\workspace\8-2-build-windows-amd64-cygwin\jdk8u102\7268\hotspot\s¿ı·'o£?
Event: 0.038 Thread 0x0000000001dee000 Exception <a 'java/lang/NoSuchMethodError': Method sun.misc.Unsafe.prefetchRead(Ljava/lang/Object;J)V name or signature does not match> (0x00000000eab07f60) thrown at [C:\re\workspace\8-2-build-windows-amd64-cygwin\jdk8u102\7268\hotspot\src\share\vm\prims\bÎUCŒ@
Event: 2.851 Thread 0x0000000001dee000 Implicit null exception at 0x0000000002b6fa52 to 0x0000000002b6fb42
Event: 3.406 Thread 0x000000005707a000 Implicit null exception at 0x0000000002aad9db to 0x0000000002aaf75d

Events (10 events):
Event: 4.762 Thread 0x00000000570e2800 DEOPT PACKING pc=0x0000000002d12acf sp=0x000000005794e5f0
Event: 4.762 Thread 0x00000000570e2800 DEOPT UNPACKING pc=0x000000000282787f sp=0x000000005794e338 mode 0
Event: 4.776 Thread 0x00000000570e2800 DEOPT PACKING pc=0x0000000002bb0545 sp=0x000000005794e8e0
Event: 4.776 Thread 0x00000000570e2800 DEOPT UNPACKING pc=0x000000000282787f sp=0x000000005794e6c0 mode 0
Event: 4.818 Thread 0x00000000570e2800 DEOPT PACKING pc=0x0000000002bb0545 sp=0x000000005794e8e0
Event: 4.818 Thread 0x00000000570e2800 DEOPT UNPACKING pc=0x000000000282787f sp=0x000000005794e6c0 mode 0
Event: 5.795 Thread 0x00000000570e2800 DEOPT PACKING pc=0x0000000002bd129c sp=0x000000005794e710
Event: 5.795 Thread 0x00000000570e2800 DEOPT UNPACKING pc=0x000000000282787f sp=0x000000005794e478 mode 0
Event: 5.996 Thread 0x00000000570e2800 DEOPT PACKING pc=0x0000000002bb0545 sp=0x000000005794e700
Event: 5.996 Thread 0x00000000570e2800 DEOPT UNPACKING pc=0x000000000282787f sp=0x000000005794e4e0 mode 0


Dynamic libraries:
0x000000013f0b0000 - 0x000000013f0e7000 	C:\Program Files\Java\jdk1.8.0_102\bin\java.exe
0x0000000077c60000 - 0x0000000077e09000 	C:\Windows\SYSTEM32\ntdll.dll
0x0000000077b40000 - 0x0000000077c5f000 	C:\Windows\system32\kernel32.dll
0x000007fefddc0000 - 0x000007fefde2b000 	C:\Windows\system32\KERNELBASE.dll
0x000007fefede0000 - 0x000007fefeebb000 	C:\Windows\system32\ADVAPI32.dll
0x000007feff790000 - 0x000007feff82f000 	C:\Windows\system32\msvcrt.dll
0x000007feff310000 - 0x000007feff32f000 	C:\Windows\SYSTEM32\sechost.dll
0x000007feff5e0000 - 0x000007feff70d000 	C:\Windows\system32\RPCRT4.dll
0x0000000077a40000 - 0x0000000077b3a000 	C:\Windows\system32\USER32.dll
0x000007feff2a0000 - 0x000007feff307000 	C:\Windows\system32\GDI32.dll
0x000007fefedd0000 - 0x000007fefedde000 	C:\Windows\system32\LPK.dll
0x000007feffa50000 - 0x000007feffb19000 	C:\Windows\system32\USP10.dll
0x000007fefca80000 - 0x000007fefcc74000 	C:\Windows\WinSxS\amd64_microsoft.windows.common-controls_6595b64144ccf1df_6.0.7601.17514_none_fa396087175ac9ac\COMCTL32.dll
0x000007feff120000 - 0x000007feff191000 	C:\Windows\system32\SHLWAPI.dll
0x000007feff910000 - 0x000007feff93e000 	C:\Windows\system32\IMM32.DLL
0x000007feff940000 - 0x000007feffa49000 	C:\Windows\system32\MSCTF.dll
0x0000000067db0000 - 0x0000000067e81000 	C:\Program Files\Java\jdk1.8.0_102\jre\bin\msvcr100.dll
0x000000006f530000 - 0x000000006fdca000 	C:\Program Files\Java\jdk1.8.0_102\jre\bin\server\jvm.dll
0x000007fef7930000 - 0x000007fef7939000 	C:\Windows\system32\WSOCK32.dll
0x000007feff740000 - 0x000007feff78d000 	C:\Windows\system32\WS2_32.dll
0x000007feff710000 - 0x000007feff718000 	C:\Windows\system32\NSI.dll
0x000007fefb830000 - 0x000007fefb86b000 	C:\Windows\system32\WINMM.dll
0x000007fefc7e0000 - 0x000007fefc7ec000 	C:\Windows\system32\VERSION.dll
0x0000000077e20000 - 0x0000000077e27000 	C:\Windows\system32\PSAPI.DLL
0x0000000074460000 - 0x000000007446f000 	C:\Program Files\Java\jdk1.8.0_102\jre\bin\verify.dll
0x000000006ba40000 - 0x000000006ba69000 	C:\Program Files\Java\jdk1.8.0_102\jre\bin\java.dll
0x000000006ba80000 - 0x000000006ba96000 	C:\Program Files\Java\jdk1.8.0_102\jre\bin\zip.dll
0x000007fefe040000 - 0x000007fefedc8000 	C:\Windows\system32\SHELL32.dll
0x000007feffb20000 - 0x000007feffd23000 	C:\Windows\system32\ole32.dll
0x000007fefda10000 - 0x000007fefda1f000 	C:\Windows\system32\profapi.dll
0x000007fedbbb0000 - 0x000007fedbcd5000 	C:\Windows\system32\dbghelp.dll

VM Arguments:
jvm_args: -Djava.awt.headless=true -Xmx1024M -Dfile.encoding=windows-1252 -Duser.country=GB -Duser.language=en -Duser.variant 
java_command: com.android.dx.command.Main --dex --force-jumbo --num-threads=4 --multi-dex --output C:\Users\Vipin\AndroidStudioProjects\MyFirstApp\app\build\intermediates\transforms\dex\debug\folders\1000\10\com.android.support-design-24.1.1_bd63fc674ea4fb862dcc84cc221c4bf528789eb3 C:\Users\Vipin\AndroidStudioProjects\MyFirstApp\app\build\intermediates\exploded-aar\com.android.support\design\24.1.1\jars\classes.jar
java_class_path (initial): C:\Users\Vipin\AppData\Local\Android\sdk\build-tools\24.0.1\lib\dx.jar
Launcher Type: SUN_STANDARD

Environment Variables:
PATH=C:\ProgramData\Oracle\Java\javapath;C:\Program Files (x86)\Java\jre1.8.0_45\bin\java.exe;C:\Program Files (x86)\Windows Kits\8.0\Windows Performance Toolkit\;C:\BC5\BIN
USERNAME=Vipin
OS=Windows_NT
PROCESSOR_IDENTIFIER=Intel64 Family 6 Model 58 Stepping 9, GenuineIntel



---------------  S Y S T E M  ---------------

OS: Windows 7 , 64 bit Build 7601 (6.1.7601.18015)

CPU:total 4 (2 cores per cpu, 2 threads per core) family 6 model 58 stepping 9, cmov, cx8, fxsr, mmx, sse, sse2, sse3, ssse3, sse4.1, sse4.2, popcnt, avx, aes, clmul, erms, ht, tsc, tscinvbit, tscinv

Memory: 4k page, physical 8288620k(1486428k free), swap 16575376k(5676928k free)

vm_info: Java HotSpot(TM) 64-Bit Server VM (25.102-b14) for windows-amd64 JRE (1.8.0_102-b14), built on Jun 22 2016 13:15:21 by "java_re" with MS VC++ 10.0 (VS2010)

time: Tue Aug 30 14:32:43 2016
elapsed time: 6 seconds (0d 0h 0m 6s)

